GROUP,PACKAGE,CLASS,INSTRUCTION_MISSED,INSTRUCTION_COVERED,BRANCH_MISSED,BRANCH_COVERED,LINE_MISSED,LINE_COVERED,COMPLEXITY_MISSED,COMPLEXITY_COVERED,METHOD_MISSED,METHOD_COVERED
Lab5,ua.lviv.iot.woodworkingmachine.manager,MachineManager,14,26,2,2,4,9,2,4,1,3
Lab5,ua.lviv.iot.woodworkingmachine.models,ProcessingType,0,34,0,0,0,4,0,1,0,1
Lab5,ua.lviv.iot.woodworkingmachine.models,CirucularMachine,43,16,0,0,10,5,7,1,7,1
Lab5,ua.lviv.iot.woodworkingmachine.models,MaterialType,34,0,0,0,4,0,1,0,1,0
Lab5,ua.lviv.iot.woodworkingmachine.models,WoodworkingMachine,58,21,0,0,14,8,9,3,9,3
Lab5,ua.lviv.iot.woodworkingmachine.models,ClassificationType,0,34,0,0,0,4,0,1,0,1
Lab5,ua.lviv.iot.woodworkingmachine.models,RamusMachine,19,10,0,0,4,3,3,1,3,1
Lab5,ua.lviv.iot.woodworkingmachine,Main,93,0,0,0,14,0,2,0,2,0
