<?xml version="1.0" encoding="UTF-8"?>
<testsuite xmlns:xsi="http://www.w3.org/2001/XMLSchema-instance" xsi:noNamespaceSchemaLocation="https://maven.apache.org/surefire/maven-surefire-plugin/xsd/surefire-test-report.xsd" name="ua.lviv.iot.woodworkingmachine.AppTest" time="0.043" tests="6" errors="0" skipped="0" failures="0">
  <properties>
[...]
</properties>
  <testcase name="sortByPowerAscending" classname="ua.lviv.iot.woodworkingmachine.AppTest" time="0.028"/>
  <testcase name="testSetNewListOfStationary" classname="ua.lviv.iot.woodworkingmachine.AppTest" time="0"/>
  <testcase name="sortByPowerDescending" classname="ua.lviv.iot.woodworkingmachine.AppTest" time="0.001"/>
  <testcase name="testListWithNewNullElement" classname="ua.lviv.iot.woodworkingmachine.AppTest" time="0.001"/>
  <testcase name="sortByVolumeAscending" classname="ua.lviv.iot.woodworkingmachine.AppTest" time="0.001"/>
  <testcase name="sortByVolumeDescending" classname="ua.lviv.iot.woodworkingmachine.AppTest" time="0"/>
</testsuite>